<?xml version="1.0" encoding="UTF-8"?>
<!-- Generated by org.testng.reporters.JUnitReportReporter -->
<testsuite skipped="0" hostname="LAPTOP-E7J7184Q" name="com.addressbook.qa.testcases.RegiserPageTest" tests="1" failures="0" timestamp="22 Apr 2020 09:44:15 GMT" time="23.771" errors="0">
  <testcase name="verifyFillUpRegisterPage" time="23.771" classname="com.addressbook.qa.testcases.RegiserPageTest"/>
</testsuite> <!-- com.addressbook.qa.testcases.RegiserPageTest -->
