<?xml version="1.0" encoding="UTF-8"?>
<!-- Generated by org.testng.reporters.JUnitReportReporter -->
<testsuite skipped="0" hostname="LAPTOP-E7J7184Q" name="com.addressbook.qa.testcases.HomePageTest" tests="3" failures="0" timestamp="21 Apr 2020 11:51:06 GMT" time="58.976" errors="0">
  <testcase name="verifyHomePageTitleTest" time="19.917" classname="com.addressbook.qa.testcases.HomePageTest"/>
  <testcase name="verifyUserNameTest" time="18.548" classname="com.addressbook.qa.testcases.HomePageTest"/>
  <testcase name="verifyAddressesLinkTest" time="20.511" classname="com.addressbook.qa.testcases.HomePageTest"/>
</testsuite> <!-- com.addressbook.qa.testcases.HomePageTest -->
